<?xml version="1.0" encoding="utf-8"?><testsuites name="pytest tests"><testsuite name="pytest" errors="0" failures="0" skipped="0" tests="24" time="6.454" timestamp="2026-07-07T09:13:52.987554+00:00" hostname="agent-env-7bbe0894-dee2-4f6e-9404-aa7f0359d35a"><testcase classname="tests.backend_test.TestAuth" name="test_admin_login_returns_token_and_user" time="0.468" /><testcase classname="tests.backend_test.TestAuth" name="test_login_bad_credentials" time="0.326" /><testcase classname="tests.backend_test.TestAuth" name="test_me_endpoint" time="0.431" /><testcase classname="tests.backend_test.TestAuth" name="test_me_no_token" time="0.123" /><testcase classname="tests.backend_test.TestAuth" name="test_viewer_cannot_write" time="0.425" /><testcase classname="tests.backend_test.TestProjects" name="test_list_projects" time="0.129" /><testcase classname="tests.backend_test.TestProjects" name="test_get_project_detail" time="0.199" /><testcase classname="tests.backend_test.TestProjects" name="test_update_project" time="0.105" /><testcase classname="tests.backend_test.TestProjects" name="test_delete_project_lifecycle" time="0.356" /><testcase classname="tests.backend_test.TestImports" name="test_schema" time="0.093" /><testcase classname="tests.backend_test.TestImports" name="test_upload_and_commit_all_core_datasets" time="1.334" /><testcase classname="tests.backend_test.TestImports" name="test_summary_reflects_counts" time="0.155" /><testcase classname="tests.backend_test.TestMasterData" name="test_list_teachers" time="0.135" /><testcase classname="tests.backend_test.TestMasterData" name="test_search_filter" time="0.219" /><testcase classname="tests.backend_test.TestMasterData" name="test_create_update_delete_and_bulk_delete" time="0.431" /><testcase classname="tests.backend_test.TestValidation" name="test_can_generate_after_core_import" time="0.103" /><testcase classname="tests.backend_test.TestValidation" name="test_can_not_generate_with_no_teachers" time="0.223" /><testcase classname="tests.backend_test.TestTimetables" name="test_generate_v1_and_v2" time="0.224" /><testcase classname="tests.backend_test.TestTimetables" name="test_entries_and_toggle_lock" time="0.211" /><testcase classname="tests.backend_test.TestTimetables" name="test_conflicts" time="0.100" /><testcase classname="tests.backend_test.TestExports" name="test_reports_list_has_8_keys" time="0.099" /><testcase classname="tests.backend_test.TestExports" name="test_export_xlsx" time="0.240" /><testcase classname="tests.backend_test.TestExports" name="test_export_csv" time="0.107" /><testcase classname="tests.backend_test.TestExports" name="test_export_pdf_returns_400" time="0.106" /></testsuite></testsuites>